INFO:root:start parsing settings
INFO:root:finish parsing settings
INFO:root:start parsing settings
INFO:root:finish parsing settings
INFO:root:start parsing settings
INFO:root:finish parsing settings
INFO:root:start loading dataset
INFO:root:start parsing settings
INFO:root:finish parsing settings
INFO:root:start loading dataset
INFO:root:dataset loaded
INFO:root:start parsing settings
INFO:root:finish parsing settings
INFO:root:start loading dataset
INFO:root:dataset loaded
INFO:root:start parsing settings
INFO:root:finish parsing settings
INFO:root:start loading dataset
INFO:root:dataset loaded
INFO:root:start parsing settings
INFO:root:finish parsing settings
INFO:root:start loading dataset
INFO:root:dataset loaded
INFO:root:start parsing settings
INFO:root:finish parsing settings
INFO:root:start loading dataset
INFO:root:dataset loaded
INFO:root:start parsing settings
INFO:root:finish parsing settings
INFO:root:start loading dataset
INFO:root:dataset loaded
INFO:root:
Epoch: 0
INFO:root:start parsing settings
INFO:root:finish parsing settings
INFO:root:start loading dataset
INFO:root:dataset loaded
INFO:root:
Epoch: 0
INFO:root:start parsing settings
INFO:root:finish parsing settings
INFO:root:start loading dataset
INFO:root:dataset loaded
INFO:root:
Epoch: 0
INFO:root:start parsing settings
INFO:root:finish parsing settings
INFO:root:start loading dataset
INFO:root:dataset loaded
INFO:root:
Epoch: 0
INFO:root:start parsing settings
INFO:root:finish parsing settings
INFO:root:start loading dataset
INFO:root:dataset loaded
INFO:root:
Epoch: 0
INFO:root:start parsing settings
INFO:root:finish parsing settings
INFO:root:start loading dataset
INFO:root:dataset loaded
INFO:root:
Epoch: 0
INFO:root:start parsing settings
INFO:root:finish parsing settings
INFO:root:start loading dataset
INFO:root:dataset loaded
INFO:root:
Epoch: 0
